\BOOKMARK [2][]{Outline0.1}{Overview}{}% 1
\BOOKMARK [2][]{Outline0.2}{Motivation}{}% 2
\BOOKMARK [2][]{Outline0.3}{Introduction}{}% 3
\BOOKMARK [2][]{Outline0.4}{Draw a donut}{}% 4
\BOOKMARK [2][]{Outline0.5}{Draw a donut}{}% 5
\BOOKMARK [2][]{Outline0.6}{Draw a donut}{}% 6
\BOOKMARK [2][]{Outline0.7}{Rotate a donut}{}% 7
\BOOKMARK [2][]{Outline0.8}{Bright and Dark}{}% 8
\BOOKMARK [2][]{Outline0.9}{Bright and Dark}{}% 9
\BOOKMARK [2][]{Outline0.10}{Bright and Dark}{}% 10
\BOOKMARK [2][]{Outline0.11}{Projection into terminal}{}% 11
\BOOKMARK [2][]{Outline0.12}{Projection into terminal}{}% 12
\BOOKMARK [2][]{Outline0.13}{Projection into terminal}{}% 13
\BOOKMARK [2][]{Outline0.14}{Discrete Dynamic System}{}% 14
\BOOKMARK [2][]{Outline0.15}{Discrete Dynamic System}{}% 15
\BOOKMARK [2][]{Outline0.16}{Demonstration}{}% 16
\BOOKMARK [2][]{Outline0.17}{Demonstration}{}% 17
\BOOKMARK [2][]{Outline0.18}{Demonstration}{}% 18
\BOOKMARK [2][]{Outline0.19}{Demonstration}{}% 19
\BOOKMARK [2][]{Outline0.20}{Source Code}{}% 20
\BOOKMARK [2][]{Outline0.21}{Reference}{}% 21
